<?xml version="1.0" encoding="UTF-8"?>
<!-- Generated by org.testng.reporters.JUnitXMLReporter -->
<testsuite ignored="12" hostname="DESKTOP-IA7HUVO" failures="0" tests="8" name="Surefire test" time="0.184" errors="0" timestamp="2026-02-05T08:09:32 IST">
  <testcase classname="tests.BaseTest" name="@BeforeSuite setUp" time="-1.770259172716E9">
    <failure type="org.testng.TestNGException" message="
Parameter &amp;apos;browserName&amp;apos; is required by BeforeSuite on method setUp but has not been marked @Optional or defined
">
      <![CDATA[org.testng.TestNGException: 
Parameter 'browserName' is required by BeforeSuite on method setUp but has not been marked @Optional or defined

... Removed 21 stack frames]]>
    </failure>
  </testcase> <!-- @BeforeSuite setUp -->
  <testcase classname="tests.ContactUsTest" name="testContactPage" time="0.001">
    <skipped/>
  </testcase> <!-- testContactPage -->
  <testcase classname="tests.LoginSuccessAndFailTest" name="LoginFailureTest" time="0.0">
    <skipped/>
  </testcase> <!-- LoginFailureTest -->
  <testcase classname="tests.LoginSuccessAndFailTest" name="VerifySuccessfulLogin" time="0.0">
    <skipped/>
  </testcase> <!-- VerifySuccessfulLogin -->
  <testcase classname="tests.LogOutUserTest" name="verifySuccessfulLogOut" time="0.0">
    <skipped/>
  </testcase> <!-- verifySuccessfulLogOut -->
  <testcase classname="tests.ProductDetailsTest" name="productDetails" time="0.0">
    <skipped/>
  </testcase> <!-- productDetails -->
  <testcase classname="tests.RegistrationTest" name="existingUserTest" time="0.001">
    <skipped/>
  </testcase> <!-- existingUserTest -->
  <testcase classname="tests.RegistrationTest" name="userCanRegisterSuccessfully" time="0.001">
    <skipped/>
  </testcase> <!-- userCanRegisterSuccessfully -->
  <testcase classname="tests.VerifyTestCasesPageTest" name="verifyTestCases" time="0.0">
    <skipped/>
  </testcase> <!-- verifyTestCases -->
  <testcase classname="tests.BaseTest" name="@BeforeSuite setUp" time="0.0">
    <ignored/>
  </testcase> <!-- @BeforeSuite setUp -->
  <testcase classname="tests.BaseTest" name="@BeforeSuite setUp" time="0.0">
    <ignored/>
  </testcase> <!-- @BeforeSuite setUp -->
  <testcase classname="tests.BaseTest" name="@AfterSuite tearDown" time="0.0">
    <ignored/>
  </testcase> <!-- @AfterSuite tearDown -->
  <testcase classname="tests.BaseTest" name="@AfterSuite tearDown" time="0.0">
    <ignored/>
  </testcase> <!-- @AfterSuite tearDown -->
  <testcase classname="tests.BaseTest" name="@AfterSuite tearDown" time="0.0">
    <ignored/>
  </testcase> <!-- @AfterSuite tearDown -->
  <testcase classname="tests.BaseTest" name="@BeforeSuite setUp" time="0.0">
    <ignored/>
  </testcase> <!-- @BeforeSuite setUp -->
  <testcase classname="tests.BaseTest" name="@AfterSuite tearDown" time="0.0">
    <ignored/>
  </testcase> <!-- @AfterSuite tearDown -->
  <testcase classname="tests.BaseTest" name="@BeforeSuite setUp" time="0.0">
    <ignored/>
  </testcase> <!-- @BeforeSuite setUp -->
  <testcase classname="tests.BaseTest" name="@BeforeSuite setUp" time="0.0">
    <ignored/>
  </testcase> <!-- @BeforeSuite setUp -->
  <testcase classname="tests.BaseTest" name="@BeforeSuite setUp" time="0.0">
    <ignored/>
  </testcase> <!-- @BeforeSuite setUp -->
  <testcase classname="tests.BaseTest" name="@AfterSuite tearDown" time="0.0">
    <ignored/>
  </testcase> <!-- @AfterSuite tearDown -->
  <testcase classname="tests.BaseTest" name="@AfterSuite tearDown" time="0.0">
    <ignored/>
  </testcase> <!-- @AfterSuite tearDown -->
</testsuite> <!-- Surefire test -->
