<!DOCTYPE html PUBLIC "-//W3C//DTD XHTML 1.1//EN" "https://www.w3.org/TR/xhtml11/DTD/xhtml11.dtd">
<html xmlns="https://www.w3.org/1999/xhtml">
<head>
<meta http-equiv="content-type" content="text/html; charset=UTF-8"/>
<title>TestNG Report</title>
<style type="text/css">table {margin-bottom:10px;border-collapse:collapse;empty-cells:show}th,td {border:1px solid #009;padding:.25em .5em}th {vertical-align:bottom}td {vertical-align:top}table a {font-weight:bold}.stripe td {background-color: #E6EBF9}.num {text-align:right}.passedodd td {background-color: #3F3}.passedeven td {background-color: #0A0}.skippedodd td {background-color: #DDD}.skippedeven td {background-color: #CCC}.failedodd td,.attn {background-color: #F33}.failedeven td,.stripe .attn {background-color: #D00}.stacktrace {white-space:pre;font-family:monospace}.totop {font-size:85%;text-align:center;border-bottom:2px solid #000}.invisible {display:none}</style>
</head>
<body>
<table>
<tr><th>Test</th><th># Passed</th><th># Skipped</th><th># Retried</th><th># Failed</th><th>Time (ms)</th><th>Included Groups</th><th>Excluded Groups</th></tr>
<tr><th colspan="8">Surefire suite</th></tr>
<tr><td><a href="#t0">Surefire test</a></td><td class="num">0</td><td class="num attn">8</td><td class="num">0</td><td class="num">0</td><td class="num">184</td><td></td><td></td></tr>
</table>
<table id='summary'><thead><tr><th>Class</th><th>Method</th><th>Start</th><th>Time (ms)</th></tr></thead><tbody><tr><th colspan="4">Surefire suite</th></tr></tbody><tbody id="t0"><tr><th colspan="4">Surefire test &#8212; failed (configuration methods)</th></tr><tr class="failedeven"><td rowspan="1">tests.BaseTest</td><td><a href="#m0">setUp</a></td><td rowspan="1">1770259172716</td><td rowspan="1">-1770259172716</td></tr><tr><th colspan="4">Surefire test &#8212; skipped (configuration methods)</th></tr><tr class="skippedeven"><td rowspan="1">tests.BaseTest</td><td><a href="#m1">tearDown</a></td><td rowspan="1">1770259173084</td><td rowspan="1">0</td></tr><tr><th colspan="4">Surefire test &#8212; skipped</th></tr><tr class="skippedeven"><td rowspan="1">tests.ContactUsTest</td><td><a href="#m2">testContactPage</a></td><td rowspan="1">1770259172889</td><td rowspan="1">1</td></tr><tr class="skippedodd"><td rowspan="1">tests.LogOutUserTest</td><td><a href="#m3">verifySuccessfulLogOut</a></td><td rowspan="1">1770259172924</td><td rowspan="1">0</td></tr><tr class="skippedeven"><td rowspan="2">tests.LoginSuccessAndFailTest</td><td><a href="#m4">LoginFailureTest</a></td><td rowspan="1">1770259172913</td><td rowspan="1">0</td></tr><tr class="skippedeven"><td><a href="#m5">VerifySuccessfulLogin</a></td><td rowspan="1">1770259172917</td><td rowspan="1">0</td></tr><tr class="skippedodd"><td rowspan="1">tests.ProductDetailsTest</td><td><a href="#m6">productDetails</a></td><td rowspan="1">1770259172928</td><td rowspan="1">0</td></tr><tr class="skippedeven"><td rowspan="2">tests.RegistrationTest</td><td><a href="#m7">existingUserTest</a></td><td rowspan="1">1770259172931</td><td rowspan="1">1</td></tr><tr class="skippedeven"><td><a href="#m8">userCanRegisterSuccessfully</a></td><td rowspan="1">1770259172936</td><td rowspan="1">1</td></tr><tr class="skippedodd"><td rowspan="1">tests.VerifyTestCasesPageTest</td><td><a href="#m9">verifyTestCases</a></td><td rowspan="1">1770259172940</td><td rowspan="1">0</td></tr></tbody>
</table>
<h2>Surefire test</h2><h3 id="m0">tests.BaseTest#setUp</h3><table class="result"><tr><th>Exception</th></tr><tr><td><div class="stacktrace">org.testng.TestNGException: 
Parameter &apos;browserName&apos; is required by BeforeSuite on method setUp but has not been marked @Optional or defined

... Removed 21 stack frames</div></td></tr></table><p class="totop"><a href="#summary">back to summary</a></p>
<h3 id="m1">tests.BaseTest#tearDown</h3><table class="result"><tr><th class="invisible"/></tr></table><p class="totop"><a href="#summary">back to summary</a></p>
<h3 id="m2">tests.ContactUsTest#testContactPage</h3><table class="result"><tr><th>Exception</th></tr><tr><td><div class="stacktrace">org.testng.TestNGException: 
Parameter &apos;browserName&apos; is required by BeforeSuite on method setUp but has not been marked @Optional or defined

... Removed 21 stack frames</div></td></tr></table><p class="totop"><a href="#summary">back to summary</a></p>
<h3 id="m3">tests.LogOutUserTest#verifySuccessfulLogOut</h3><table class="result"><tr><th>Exception</th></tr><tr><td><div class="stacktrace">org.testng.TestNGException: 
Parameter &apos;browserName&apos; is required by BeforeSuite on method setUp but has not been marked @Optional or defined

... Removed 21 stack frames</div></td></tr></table><p class="totop"><a href="#summary">back to summary</a></p>
<h3 id="m4">tests.LoginSuccessAndFailTest#LoginFailureTest</h3><table class="result"><tr><th>Exception</th></tr><tr><td><div class="stacktrace">org.testng.TestNGException: 
Parameter &apos;browserName&apos; is required by BeforeSuite on method setUp but has not been marked @Optional or defined

... Removed 21 stack frames</div></td></tr></table><p class="totop"><a href="#summary">back to summary</a></p>
<h3 id="m5">tests.LoginSuccessAndFailTest#VerifySuccessfulLogin</h3><table class="result"><tr><th>Exception</th></tr><tr><td><div class="stacktrace">org.testng.TestNGException: 
Parameter &apos;browserName&apos; is required by BeforeSuite on method setUp but has not been marked @Optional or defined

... Removed 21 stack frames</div></td></tr></table><p class="totop"><a href="#summary">back to summary</a></p>
<h3 id="m6">tests.ProductDetailsTest#productDetails</h3><table class="result"><tr><th>Exception</th></tr><tr><td><div class="stacktrace">org.testng.TestNGException: 
Parameter &apos;browserName&apos; is required by BeforeSuite on method setUp but has not been marked @Optional or defined

... Removed 21 stack frames</div></td></tr></table><p class="totop"><a href="#summary">back to summary</a></p>
<h3 id="m7">tests.RegistrationTest#existingUserTest</h3><table class="result"><tr><th>Exception</th></tr><tr><td><div class="stacktrace">org.testng.TestNGException: 
Parameter &apos;browserName&apos; is required by BeforeSuite on method setUp but has not been marked @Optional or defined

... Removed 21 stack frames</div></td></tr></table><p class="totop"><a href="#summary">back to summary</a></p>
<h3 id="m8">tests.RegistrationTest#userCanRegisterSuccessfully</h3><table class="result"><tr><th>Exception</th></tr><tr><td><div class="stacktrace">org.testng.TestNGException: 
Parameter &apos;browserName&apos; is required by BeforeSuite on method setUp but has not been marked @Optional or defined

... Removed 21 stack frames</div></td></tr></table><p class="totop"><a href="#summary">back to summary</a></p>
<h3 id="m9">tests.VerifyTestCasesPageTest#verifyTestCases</h3><table class="result"><tr><th>Exception</th></tr><tr><td><div class="stacktrace">org.testng.TestNGException: 
Parameter &apos;browserName&apos; is required by BeforeSuite on method setUp but has not been marked @Optional or defined

... Removed 21 stack frames</div></td></tr></table><p class="totop"><a href="#summary">back to summary</a></p>
</body>
</html>
