<?xml version="1.0" encoding="UTF-8"?>
<testsuite xmlns:xsi="http://www.w3.org/2001/XMLSchema-instance" xsi:noNamespaceSchemaLocation="https://maven.apache.org/surefire/maven-surefire-plugin/xsd/surefire-test-report-3.0.xsd" version="3.0" name="TestSuite" time="2.021" tests="10" errors="0" skipped="9" failures="1">
  <properties>
[...]
</properties>
  <testcase name="setUp" classname="tests.BaseTest" time="1.298">
    <failure message="&#10;Parameter &apos;browserName&apos; is required by BeforeSuite on method setUp but has not been marked @Optional or defined&#10;" type="org.testng.TestNGException"><![CDATA[org.testng.TestNGException: 

Parameter 'browserName' is required by BeforeSuite on method setUp but has not been marked @Optional or defined

	at org.testng.internal.Parameters.createParams(Parameters.java:264)
	at org.testng.internal.Parameters.createParametersForMethod(Parameters.java:352)
	at org.testng.internal.Parameters.createParameters(Parameters.java:690)
	at org.testng.internal.Parameters.createConfigurationParameters(Parameters.java:163)
	at org.testng.internal.invokers.ConfigInvoker.invokeConfigurations(ConfigInvoker.java:313)
	at org.testng.SuiteRunner.privateRun(SuiteRunner.java:358)
	at org.testng.SuiteRunner.run(SuiteRunner.java:312)
	at org.testng.SuiteRunnerWorker.runSuite(SuiteRunnerWorker.java:52)
	at org.testng.SuiteRunnerWorker.run(SuiteRunnerWorker.java:95)
	at org.testng.TestNG.runSuitesSequentially(TestNG.java:1274)
	at org.testng.TestNG.runSuitesLocally(TestNG.java:1208)
	at org.testng.TestNG.runSuites(TestNG.java:1112)
	at org.testng.TestNG.run(TestNG.java:1079)
	at org.apache.maven.surefire.testng.TestNGExecutor.run(TestNGExecutor.java:155)
	at org.apache.maven.surefire.testng.TestNGDirectoryTestSuite.executeMulti(TestNGDirectoryTestSuite.java:169)
	at org.apache.maven.surefire.testng.TestNGDirectoryTestSuite.execute(TestNGDirectoryTestSuite.java:88)
	at org.apache.maven.surefire.testng.TestNGProvider.invoke(TestNGProvider.java:137)
	at org.apache.maven.surefire.booter.ForkedBooter.runSuitesInProcess(ForkedBooter.java:385)
	at org.apache.maven.surefire.booter.ForkedBooter.execute(ForkedBooter.java:162)
	at org.apache.maven.surefire.booter.ForkedBooter.run(ForkedBooter.java:507)
	at org.apache.maven.surefire.booter.ForkedBooter.main(ForkedBooter.java:495)
]]></failure>
    <system-err><![CDATA[SLF4J(W): No SLF4J providers were found.
SLF4J(W): Defaulting to no-operation (NOP) logger implementation
SLF4J(W): See https://www.slf4j.org/codes.html#noProviders for further details.
]]></system-err>
  </testcase>
  <testcase name="tearDown" classname="tests.BaseTest" time="0.0">
    <skipped/>
  </testcase>
  <testcase name="testContactPage" classname="tests.ContactUsTest" time="0.0">
    <skipped message="&#10;Parameter &apos;browserName&apos; is required by BeforeSuite on method setUp but has not been marked @Optional or defined&#10;"/>
  </testcase>
  <testcase name="LoginFailureTest" classname="tests.LoginSuccessAndFailTest" time="0.0">
    <skipped message="&#10;Parameter &apos;browserName&apos; is required by BeforeSuite on method setUp but has not been marked @Optional or defined&#10;"/>
  </testcase>
  <testcase name="VerifySuccessfulLogin" classname="tests.LoginSuccessAndFailTest" time="0.0">
    <skipped message="&#10;Parameter &apos;browserName&apos; is required by BeforeSuite on method setUp but has not been marked @Optional or defined&#10;"/>
  </testcase>
  <testcase name="verifySuccessfulLogOut" classname="tests.LogOutUserTest" time="0.0">
    <skipped message="&#10;Parameter &apos;browserName&apos; is required by BeforeSuite on method setUp but has not been marked @Optional or defined&#10;"/>
  </testcase>
  <testcase name="productDetails" classname="tests.ProductDetailsTest" time="0.0">
    <skipped message="&#10;Parameter &apos;browserName&apos; is required by BeforeSuite on method setUp but has not been marked @Optional or defined&#10;"/>
  </testcase>
  <testcase name="existingUserTest" classname="tests.RegistrationTest" time="0.0">
    <skipped message="&#10;Parameter &apos;browserName&apos; is required by BeforeSuite on method setUp but has not been marked @Optional or defined&#10;"/>
  </testcase>
  <testcase name="userCanRegisterSuccessfully" classname="tests.RegistrationTest" time="0.0">
    <skipped message="&#10;Parameter &apos;browserName&apos; is required by BeforeSuite on method setUp but has not been marked @Optional or defined&#10;"/>
  </testcase>
  <testcase name="verifyTestCases" classname="tests.VerifyTestCasesPageTest" time="0.0">
    <skipped message="&#10;Parameter &apos;browserName&apos; is required by BeforeSuite on method setUp but has not been marked @Optional or defined&#10;"/>
  </testcase>
</testsuite>