<?xml version="1.0" encoding="UTF-8"?>
<!-- Generated by org.testng.reporters.JUnitReportReporter -->
<testsuite hostname="DESKTOP-IA7HUVO" failures="0" tests="2" name="tests.RegistrationTest" time="0.002" errors="0" timestamp="2026-02-05T08:09:33 IST" skipped="2">
  <testcase classname="tests.RegistrationTest" name="existingUserTest" time="0.001">
    <skipped/>
  </testcase> <!-- existingUserTest -->
  <testcase classname="tests.RegistrationTest" name="userCanRegisterSuccessfully" time="0.001">
    <skipped/>
  </testcase> <!-- userCanRegisterSuccessfully -->
</testsuite> <!-- tests.RegistrationTest -->
