<?xml version="1.0" encoding="UTF-8"?>
<!-- Generated by org.testng.reporters.JUnitReportReporter -->
<testsuite hostname="DESKTOP-IA7HUVO" failures="0" tests="2" name="tests.LoginSuccessAndFailTest" time="0.000" errors="0" timestamp="2026-02-05T08:09:33 IST" skipped="2">
  <testcase classname="tests.LoginSuccessAndFailTest" name="LoginFailureTest" time="0.000">
    <skipped/>
  </testcase> <!-- LoginFailureTest -->
  <testcase classname="tests.LoginSuccessAndFailTest" name="VerifySuccessfulLogin" time="0.000">
    <skipped/>
  </testcase> <!-- VerifySuccessfulLogin -->
</testsuite> <!-- tests.LoginSuccessAndFailTest -->
